build/outputs/logs/manifest-merger-debug-report.txt
-- Merging decision tree log ---
manifest
ADDED from android\Android-IF-MAP-Client\AndroidManifest.xml:2:1-95:12
	package
		ADDED from android\Android-IF-MAP-Client\AndroidManifest.xml:3:2-53
		INJECTED from android\Android-IF-MAP-Client\AndroidManifest.xml
		INJECTED from android\Android-IF-MAP-Client\AndroidManifest.xml
	android:versionName
		ADDED from android\Android-IF-MAP-Client\AndroidManifest.xml:4:26-51
		INJECTED from android\Android-IF-MAP-Client\AndroidManifest.xml
		INJECTED from android\Android-IF-MAP-Client\AndroidManifest.xml
	android:versionCode
		ADDED from android\Android-IF-MAP-Client\AndroidManifest.xml:4:2-25
		INJECTED from android\Android-IF-MAP-Client\AndroidManifest.xml
		INJECTED from android\Android-IF-MAP-Client\AndroidManifest.xml
	xmlns:android
		ADDED from android\Android-IF-MAP-Client\AndroidManifest.xml:2:11-69
uses-permission#android.permission.INTERNET
ADDED from android\Android-IF-MAP-Client\AndroidManifest.xml:6:2-64
	android:name
		ADDED from android\Android-IF-MAP-Client\AndroidManifest.xml:6:19-61
uses-permission#android.permission.READ_PHONE_STATE
ADDED from android\Android-IF-MAP-Client\AndroidManifest.xml:7:2-72
	android:name
		ADDED from android\Android-IF-MAP-Client\AndroidManifest.xml:7:19-69
uses-permission#android.permission.ACCESS_NETWORK_STATE
ADDED from android\Android-IF-MAP-Client\AndroidManifest.xml:8:2-76
	android:name
		ADDED from android\Android-IF-MAP-Client\AndroidManifest.xml:8:19-73
uses-permission#android.permission.ACCESS_FINE_LOCATION
ADDED from android\Android-IF-MAP-Client\AndroidManifest.xml:9:2-76
	android:name
		ADDED from android\Android-IF-MAP-Client\AndroidManifest.xml:9:19-73
uses-permission#android.permission.ACCESS_COARSE_LOCATION
ADDED from android\Android-IF-MAP-Client\AndroidManifest.xml:10:2-78
	android:name
		ADDED from android\Android-IF-MAP-Client\AndroidManifest.xml:10:19-75
uses-permission#android.permission.RECEIVE_SMS
ADDED from android\Android-IF-MAP-Client\AndroidManifest.xml:11:2-67
	android:name
		ADDED from android\Android-IF-MAP-Client\AndroidManifest.xml:11:19-64
uses-permission#android.permission.ACCESS_WIFI_STATE
ADDED from android\Android-IF-MAP-Client\AndroidManifest.xml:12:2-72
	android:name
		ADDED from android\Android-IF-MAP-Client\AndroidManifest.xml:12:19-70
uses-permission#android.permission.MODIFY_AUDIO_SETTINGS
ADDED from android\Android-IF-MAP-Client\AndroidManifest.xml:13:2-76
	android:name
		ADDED from android\Android-IF-MAP-Client\AndroidManifest.xml:13:19-74
uses-permission#android.permission.BLUETOOTH
ADDED from android\Android-IF-MAP-Client\AndroidManifest.xml:14:2-64
	android:name
		ADDED from android\Android-IF-MAP-Client\AndroidManifest.xml:14:19-62
uses-permission#android.permission.READ_SMS
ADDED from android\Android-IF-MAP-Client\AndroidManifest.xml:15:2-63
	android:name
		ADDED from android\Android-IF-MAP-Client\AndroidManifest.xml:15:19-61
uses-permission#android.permission.CAMERA
ADDED from android\Android-IF-MAP-Client\AndroidManifest.xml:16:2-61
	android:name
		ADDED from android\Android-IF-MAP-Client\AndroidManifest.xml:16:19-59
uses-permission#android.permission.RECEIVE_BOOT_COMPLETED
ADDED from android\Android-IF-MAP-Client\AndroidManifest.xml:17:2-77
	android:name
		ADDED from android\Android-IF-MAP-Client\AndroidManifest.xml:17:19-75
uses-sdk
ADDED from android\Android-IF-MAP-Client\AndroidManifest.xml:18:2-70
MERGED from [com.android.support:appcompat-v7:23.0.0] AndroidManifest.xml:20:5-43
MERGED from [com.android.support:support-v4:23.0.0] AndroidManifest.xml:20:5-43
	android:targetSdkVersion
		ADDED from android\Android-IF-MAP-Client\AndroidManifest.xml:18:12-41
		INJECTED from android\Android-IF-MAP-Client\AndroidManifest.xml
		INJECTED from android\Android-IF-MAP-Client\AndroidManifest.xml
	android:minSdkVersion
		ADDED from android\Android-IF-MAP-Client\AndroidManifest.xml:18:42-68
		INJECTED from android\Android-IF-MAP-Client\AndroidManifest.xml
		INJECTED from android\Android-IF-MAP-Client\AndroidManifest.xml
application
ADDED from android\Android-IF-MAP-Client\AndroidManifest.xml:20:2-92:16
MERGED from [com.android.support:appcompat-v7:23.0.0] AndroidManifest.xml:22:5-20
MERGED from [com.android.support:support-v4:23.0.0] AndroidManifest.xml:22:5-20
	android:label
		ADDED from android\Android-IF-MAP-Client\AndroidManifest.xml:20:45-77
	android:icon
		ADDED from android\Android-IF-MAP-Client\AndroidManifest.xml:20:15-44
activity#de.simu.decoit.android.decomap.activities.TabLayout
ADDED from android\Android-IF-MAP-Client\AndroidManifest.xml:21:3-28:14
	android:screenOrientation
		ADDED from android\Android-IF-MAP-Client\AndroidManifest.xml:22:3-39
	android:label
		ADDED from android\Android-IF-MAP-Client\AndroidManifest.xml:23:4-36
	android:configChanges
		ADDED from android\Android-IF-MAP-Client\AndroidManifest.xml:22:40-90
	android:name
		ADDED from android\Android-IF-MAP-Client\AndroidManifest.xml:21:13-79
intent-filter#android.intent.action.MAIN+android.intent.category.LAUNCHER
ADDED from android\Android-IF-MAP-Client\AndroidManifest.xml:24:4-27:20
action#android.intent.action.MAIN
ADDED from android\Android-IF-MAP-Client\AndroidManifest.xml:25:5-57
	android:name
		ADDED from android\Android-IF-MAP-Client\AndroidManifest.xml:25:13-54
category#android.intent.category.LAUNCHER
ADDED from android\Android-IF-MAP-Client\AndroidManifest.xml:26:5-65
	android:name
		ADDED from android\Android-IF-MAP-Client\AndroidManifest.xml:26:15-62
activity#de.simu.decoit.android.decomap.activities.MainActivity
ADDED from android\Android-IF-MAP-Client\AndroidManifest.xml:30:3-32:14
	android:name
		ADDED from android\Android-IF-MAP-Client\AndroidManifest.xml:31:4-73
activity#de.simu.decoit.android.decomap.activities.StatusActivity
ADDED from android\Android-IF-MAP-Client\AndroidManifest.xml:34:3-36:14
	android:name
		ADDED from android\Android-IF-MAP-Client\AndroidManifest.xml:35:4-75
activity#de.simu.decoit.android.decomap.activities.InfoActivity
ADDED from android\Android-IF-MAP-Client\AndroidManifest.xml:38:3-40:14
	android:name
		ADDED from android\Android-IF-MAP-Client\AndroidManifest.xml:39:4-73
activity#de.simu.decoit.android.decomap.activities.LogActivity
ADDED from android\Android-IF-MAP-Client\AndroidManifest.xml:42:4-44:14
	android:name
		ADDED from android\Android-IF-MAP-Client\AndroidManifest.xml:43:4-72
activity#de.simu.decoit.android.decomap.activities.setupview.SetupActivity
ADDED from android\Android-IF-MAP-Client\AndroidManifest.xml:46:3-49:14
	android:label
		ADDED from android\Android-IF-MAP-Client\AndroidManifest.xml:48:4-35
	android:name
		ADDED from android\Android-IF-MAP-Client\AndroidManifest.xml:47:4-43
service#de.simu.decoit.android.decomap.services.RenewConnectionService
ADDED from android\Android-IF-MAP-Client\AndroidManifest.xml:51:3-53:13
	android:enabled
		ADDED from android\Android-IF-MAP-Client\AndroidManifest.xml:51:12-34
	android:name
		ADDED from android\Android-IF-MAP-Client\AndroidManifest.xml:52:4-81
service#de.simu.decoit.android.decomap.services.PermanentConnectionService
ADDED from android\Android-IF-MAP-Client\AndroidManifest.xml:55:3-57:13
	android:enabled
		ADDED from android\Android-IF-MAP-Client\AndroidManifest.xml:55:12-34
	android:name
		ADDED from android\Android-IF-MAP-Client\AndroidManifest.xml:56:4-85
service#de.simu.decoit.android.decomap.services.NscaService
ADDED from android\Android-IF-MAP-Client\AndroidManifest.xml:59:3-63:13
	android:enabled
		ADDED from android\Android-IF-MAP-Client\AndroidManifest.xml:61:7-29
	android:exported
		ADDED from android\Android-IF-MAP-Client\AndroidManifest.xml:62:7-31
	android:name
		ADDED from android\Android-IF-MAP-Client\AndroidManifest.xml:60:7-73
receiver#de.simu.decoit.android.decomap.activities.MyStartupIntentReceiver
ADDED from android\Android-IF-MAP-Client\AndroidManifest.xml:65:6-70:17
	android:name
		ADDED from android\Android-IF-MAP-Client\AndroidManifest.xml:65:16-54
intent-filter#android.intent.action.BOOT_COMPLETED+android.intent.category.DEFAULT
ADDED from android\Android-IF-MAP-Client\AndroidManifest.xml:66:13-69:29
action#android.intent.action.BOOT_COMPLETED
ADDED from android\Android-IF-MAP-Client\AndroidManifest.xml:67:18-80
	android:name
		ADDED from android\Android-IF-MAP-Client\AndroidManifest.xml:67:26-77
category#android.intent.category.DEFAULT
ADDED from android\Android-IF-MAP-Client\AndroidManifest.xml:68:18-77
	android:name
		ADDED from android\Android-IF-MAP-Client\AndroidManifest.xml:68:28-74
receiver#de.simu.decoit.android.decomap.observer.camera.CameraReceiver
ADDED from android\Android-IF-MAP-Client\AndroidManifest.xml:72:6-80:14
	android:enabled
		ADDED from android\Android-IF-MAP-Client\AndroidManifest.xml:72:93-115
	android:exported
		ADDED from android\Android-IF-MAP-Client\AndroidManifest.xml:73:4-28
	android:name
		ADDED from android\Android-IF-MAP-Client\AndroidManifest.xml:72:16-92
intent-filter#android.hardware.action.NEW_PICTURE+android.intent.category.DEFAULT+com.android.camera.NEW_PICTURE
ADDED from android\Android-IF-MAP-Client\AndroidManifest.xml:74:9-79:25
action#com.android.camera.NEW_PICTURE
ADDED from android\Android-IF-MAP-Client\AndroidManifest.xml:75:13-69
	android:name
		ADDED from android\Android-IF-MAP-Client\AndroidManifest.xml:75:21-66
action#android.hardware.action.NEW_PICTURE
ADDED from android\Android-IF-MAP-Client\AndroidManifest.xml:76:13-74
	android:name
		ADDED from android\Android-IF-MAP-Client\AndroidManifest.xml:76:21-71
data
ADDED from android\Android-IF-MAP-Client\AndroidManifest.xml:78:13-48
	android:mimeType
		ADDED from android\Android-IF-MAP-Client\AndroidManifest.xml:78:19-45
receiver#de.simu.decoit.android.decomap.observer.app.AppReceiver
ADDED from android\Android-IF-MAP-Client\AndroidManifest.xml:82:3-91:20
	android:enabled
		ADDED from android\Android-IF-MAP-Client\AndroidManifest.xml:84:13-35
	android:exported
		ADDED from android\Android-IF-MAP-Client\AndroidManifest.xml:85:13-37
	android:name
		ADDED from android\Android-IF-MAP-Client\AndroidManifest.xml:83:13-83
intent-filter#android.intent.action.PACKAGE_ADDED+android.intent.action.PACKAGE_REMOVED
ADDED from android\Android-IF-MAP-Client\AndroidManifest.xml:86:13-90:29
action#android.intent.action.PACKAGE_ADDED
ADDED from android\Android-IF-MAP-Client\AndroidManifest.xml:87:17-78
	android:name
		ADDED from android\Android-IF-MAP-Client\AndroidManifest.xml:87:25-75
action#android.intent.action.PACKAGE_REMOVED
ADDED from android\Android-IF-MAP-Client\AndroidManifest.xml:88:17-80
	android:name
		ADDED from android\Android-IF-MAP-Client\AndroidManifest.xml:88:25-77